<?xml version="1.0" encoding="UTF-8"?>
<!-- Generated by org.testng.reporters.JUnitXMLReporter -->
<testsuite hostname="Kash" ignored="1" name="Calc data" tests="6" failures="0" timestamp="2020-07-05T20:09:18 GMT+03:00" time="0.115" errors="0">
  <testcase name="testDivide" time="0.016" classname="com.calculator.CalculatorTest"/>
  <testcase name="testAdd" time="0.016" classname="com.calculator.CalculatorTest"/>
  <testcase name="testRealdivide" time="0.003" classname="com.calculator.CalculatorTest"/>
  <testcase name="testExponent" time="0.002" classname="com.calculator.CalculatorTest"/>
  <testcase name="testExponent" time="0.004" classname="com.calculator.CalculatorTest"/>
  <testcase name="testExponent" time="0.002" classname="com.calculator.CalculatorTest"/>
  <testcase name="testMultiply" time="0.0" classname="com.calculator.CalculatorTest">
    <ignored/>
  </testcase> <!-- testMultiply -->
</testsuite> <!-- Calc data -->
