<?xml version="1.0" encoding="UTF-8"?>
<testng-results skipped="0" failed="0" ignored="1" total="7" passed="6">
  <reporter-output>
    <line>
      <![CDATA[TestNG Assignment -> testDivide assertion passed for inputs 2, 4]]>
    </line>
    <line>
      <![CDATA[TestNG Assignment -> testAdd assertion passed for inputs 2, 4]]>
    </line>
    <line>
      <![CDATA[TestNG Assignment -> testRealdivide assertion passed for inputs 2, 4]]>
    </line>
    <line>
      <![CDATA[TestNG Assignment -> testExponent assertion passed for inputs 1, 2]]>
    </line>
    <line>
      <![CDATA[TestNG Assignment -> testExponent assertion passed for inputs 2, 1]]>
    </line>
    <line>
      <![CDATA[TestNG Assignment -> testExponent assertion passed for inputs 1, 1]]>
    </line>
  </reporter-output>
  <suite name="Calc Testing" duration-ms="115" started-at="2020-07-05T20:09:18 GMT+03:00" finished-at="2020-07-05T20:09:18 GMT+03:00">
    <groups>
      <group name="div">
        <method signature="CalculatorTest.testDivide(int, int)[pri:0, instance:com.calculator.CalculatorTest@47ef968d]" name="testDivide" class="com.calculator.CalculatorTest"/>
      </group> <!-- div -->
      <group name="realdiv">
        <method signature="CalculatorTest.testRealdivide(int, int)[pri:0, instance:com.calculator.CalculatorTest@47ef968d]" name="testRealdivide" class="com.calculator.CalculatorTest"/>
      </group> <!-- realdiv -->
      <group name="sum">
        <method signature="CalculatorTest.testAdd(int, int)[pri:0, instance:com.calculator.CalculatorTest@47ef968d]" name="testAdd" class="com.calculator.CalculatorTest"/>
      </group> <!-- sum -->
      <group name="exp">
        <method signature="CalculatorTest.testExponent(int, int)[pri:0, instance:com.calculator.CalculatorTest@47ef968d]" name="testExponent" class="com.calculator.CalculatorTest"/>
      </group> <!-- exp -->
    </groups>
    <test name="Calc data" duration-ms="115" started-at="2020-07-05T20:09:18 GMT+03:00" finished-at="2020-07-05T20:09:18 GMT+03:00">
      <class name="com.calculator.CalculatorTest">
        <test-method status="PASS" signature="testAdd(int, int)[pri:0, instance:com.calculator.CalculatorTest@47ef968d]" name="testAdd" duration-ms="16" started-at="2020-07-05T20:09:18 GMT+03:00" finished-at="2020-07-05T20:09:18 GMT+03:00">
          <params>
            <param index="0">
              <value>
                <![CDATA[2]]>
              </value>
            </param>
            <param index="1">
              <value>
                <![CDATA[4]]>
              </value>
            </param>
          </params>
          <reporter-output>
            <line>
              <![CDATA[TestNG Assignment -> testAdd assertion passed for inputs 2, 4]]>
            </line>
          </reporter-output>
        </test-method> <!-- testAdd -->
        <test-method status="PASS" signature="testDivide(int, int)[pri:0, instance:com.calculator.CalculatorTest@47ef968d]" name="testDivide" duration-ms="16" started-at="2020-07-05T20:09:18 GMT+03:00" finished-at="2020-07-05T20:09:18 GMT+03:00">
          <params>
            <param index="0">
              <value>
                <![CDATA[2]]>
              </value>
            </param>
            <param index="1">
              <value>
                <![CDATA[4]]>
              </value>
            </param>
          </params>
          <reporter-output>
            <line>
              <![CDATA[TestNG Assignment -> testDivide assertion passed for inputs 2, 4]]>
            </line>
          </reporter-output>
        </test-method> <!-- testDivide -->
        <test-method status="PASS" signature="testRealdivide(int, int)[pri:0, instance:com.calculator.CalculatorTest@47ef968d]" name="testRealdivide" duration-ms="3" started-at="2020-07-05T20:09:18 GMT+03:00" finished-at="2020-07-05T20:09:18 GMT+03:00">
          <params>
            <param index="0">
              <value>
                <![CDATA[2]]>
              </value>
            </param>
            <param index="1">
              <value>
                <![CDATA[4]]>
              </value>
            </param>
          </params>
          <reporter-output>
            <line>
              <![CDATA[TestNG Assignment -> testRealdivide assertion passed for inputs 2, 4]]>
            </line>
          </reporter-output>
        </test-method> <!-- testRealdivide -->
        <test-method status="PASS" signature="testExponent(int, int)[pri:0, instance:com.calculator.CalculatorTest@47ef968d]" name="testExponent" duration-ms="2" started-at="2020-07-05T20:09:18 GMT+03:00" data-provider="numbers" finished-at="2020-07-05T20:09:18 GMT+03:00">
          <params>
            <param index="0">
              <value>
                <![CDATA[1]]>
              </value>
            </param>
            <param index="1">
              <value>
                <![CDATA[2]]>
              </value>
            </param>
          </params>
          <reporter-output>
            <line>
              <![CDATA[TestNG Assignment -> testExponent assertion passed for inputs 1, 2]]>
            </line>
          </reporter-output>
        </test-method> <!-- testExponent -->
        <test-method status="PASS" signature="testExponent(int, int)[pri:0, instance:com.calculator.CalculatorTest@47ef968d]" name="testExponent" duration-ms="4" started-at="2020-07-05T20:09:18 GMT+03:00" data-provider="numbers" finished-at="2020-07-05T20:09:18 GMT+03:00">
          <params>
            <param index="0">
              <value>
                <![CDATA[2]]>
              </value>
            </param>
            <param index="1">
              <value>
                <![CDATA[1]]>
              </value>
            </param>
          </params>
          <reporter-output>
            <line>
              <![CDATA[TestNG Assignment -> testExponent assertion passed for inputs 2, 1]]>
            </line>
          </reporter-output>
        </test-method> <!-- testExponent -->
        <test-method status="PASS" signature="testExponent(int, int)[pri:0, instance:com.calculator.CalculatorTest@47ef968d]" name="testExponent" duration-ms="2" started-at="2020-07-05T20:09:18 GMT+03:00" data-provider="numbers" finished-at="2020-07-05T20:09:18 GMT+03:00">
          <params>
            <param index="0">
              <value>
                <![CDATA[1]]>
              </value>
            </param>
            <param index="1">
              <value>
                <![CDATA[1]]>
              </value>
            </param>
          </params>
          <reporter-output>
            <line>
              <![CDATA[TestNG Assignment -> testExponent assertion passed for inputs 1, 1]]>
            </line>
          </reporter-output>
        </test-method> <!-- testExponent -->
      </class> <!-- com.calculator.CalculatorTest -->
    </test> <!-- Calc data -->
  </suite> <!-- Calc Testing -->
</testng-results>
